<?xml version="1.0" encoding="UTF-8"?>
<!-- Generated by org.testng.reporters.JUnitXMLReporter -->
<testsuite ignored="2" hostname="SEZLP657" failures="0" tests="3" name="Test" time="5.683" errors="0" timestamp="2022-08-14T00:46:10 IST">
  <testcase classname="Java.ABC.AppTest" name="Test1" time="0.011"/>
  <testcase classname="Java.ABC.App" name="Ctest" time="4.191"/>
  <testcase classname="Java.ABC.App" name="fftest1" time="5.656"/>
  <testcase classname="Java.ABC.App" name="fftest" time="0.0">
    <ignored/>
  </testcase> <!-- fftest -->
  <testcase classname="Java.ABC.AppTest" name="Test2" time="0.0">
    <ignored/>
  </testcase> <!-- Test2 -->
</testsuite> <!-- Test -->
