<?xml version="1.0" encoding="UTF-8"?>
<testng-results ignored="2" total="5" passed="3" failed="0" skipped="0">
  <reporter-output>
  </reporter-output>
  <suite started-at="2022-08-14T00:46:05 IST" name="Suite" finished-at="2022-08-14T00:46:10 IST" duration-ms="5683">
    <groups>
    </groups>
    <test started-at="2022-08-14T00:46:05 IST" name="Test" finished-at="2022-08-14T00:46:10 IST" duration-ms="5683">
      <class name="Java.ABC.App">
        <test-method signature="fftest1()[pri:0, instance:Java.ABC.App@5ace1ed4]" started-at="2022-08-14T00:46:05 IST" name="fftest1" finished-at="2022-08-14T00:46:10 IST" duration-ms="5656" status="PASS">
          <reporter-output>
          </reporter-output>
        </test-method> <!-- fftest1 -->
        <test-method signature="Ctest()[pri:0, instance:Java.ABC.App@5ace1ed4]" started-at="2022-08-14T00:46:05 IST" name="Ctest" finished-at="2022-08-14T00:46:09 IST" duration-ms="4191" status="PASS">
          <reporter-output>
          </reporter-output>
        </test-method> <!-- Ctest -->
      </class> <!-- Java.ABC.App -->
      <class name="Java.ABC.AppTest">
        <test-method signature="Test1()[pri:0, instance:Java.ABC.AppTest@1613674b]" started-at="2022-08-14T00:46:05 IST" name="Test1" finished-at="2022-08-14T00:46:05 IST" duration-ms="11" status="PASS">
          <reporter-output>
          </reporter-output>
        </test-method> <!-- Test1 -->
      </class> <!-- Java.ABC.AppTest -->
    </test> <!-- Test -->
  </suite> <!-- Suite -->
</testng-results>
