<?xml version="1.0" encoding="UTF-8"?>
<testng-results ignored="1" total="2" passed="1" failed="0" skipped="0">
  <reporter-output>
  </reporter-output>
  <suite started-at="2022-08-17T08:03:57 IST" name="Default suite" finished-at="2022-08-17T08:04:10 IST" duration-ms="12934">
    <groups>
    </groups>
    <test started-at="2022-08-17T08:03:57 IST" name="Default test" finished-at="2022-08-17T08:04:10 IST" duration-ms="12934">
      <class name="Java.ABC.AppTest">
        <test-method signature="Test2()[pri:0, instance:Java.ABC.AppTest@cad498c]" started-at="2022-08-17T08:03:57 IST" name="Test2" finished-at="2022-08-17T08:04:10 IST" duration-ms="12897" status="PASS">
          <reporter-output>
          </reporter-output>
        </test-method> <!-- Test2 -->
      </class> <!-- Java.ABC.AppTest -->
    </test> <!-- Default test -->
  </suite> <!-- Default suite -->
</testng-results>
